<?xml version="1.0" encoding="UTF-8"?>
<!-- Generated by org.testng.reporters.JUnitReportReporter -->
<testsuite skipped="0" hostname="PALANIMOHANs-MacBook-Air.local" name="seleniumBootCampTestNG.S20_2_CreateOpportunity" tests="1" failures="0" timestamp="2021-01-12T22:40:46 IST" time="76.325" errors="0">
  <testcase name="createOpportunity" time="76.325" classname="seleniumBootCampTestNG.S20_2_CreateOpportunity"/>
  <system-out/>
</testsuite> <!-- seleniumBootCampTestNG.S20_2_CreateOpportunity -->
