<?xml version="1.0" encoding="UTF-8"?>
<!-- Generated by org.testng.reporters.JUnitReportReporter -->
<testsuite skipped="0" hostname="PALANIMOHANs-MacBook-Air.local" name="seleniumBootCampTestNG.S20_31_DeleteTask" tests="1" failures="0" timestamp="2021-01-12T22:40:46 IST" time="68.528" errors="0">
  <testcase name="deletetask" time="68.528" classname="seleniumBootCampTestNG.S20_31_DeleteTask"/>
  <system-out/>
</testsuite> <!-- seleniumBootCampTestNG.S20_31_DeleteTask -->
