<?xml version="1.0" encoding="UTF-8"?>
<!-- Generated by org.testng.reporters.JUnitReportReporter -->
<testsuite skipped="0" hostname="PALANIMOHANs-MacBook-Air.local" name="seleniumBootCampAssessment.FirstAssessment" tests="1" failures="0" timestamp="2021-01-24T11:15:29 IST" time="60.677" errors="0">
  <testcase name="createAndDeleteDashboard" time="60.677" classname="seleniumBootCampAssessment.FirstAssessment"/>
  <system-out/>
</testsuite> <!-- seleniumBootCampAssessment.FirstAssessment -->
