<?xml version="1.0" encoding="UTF-8"?>
<!-- Generated by org.testng.reporters.JUnitReportReporter -->
<testsuite skipped="1" hostname="PALANIMOHANs-MacBook-Air.local" name="seleniumBootCampTestNG.S20_30_EditTask" tests="1" failures="0" timestamp="2021-01-10T08:47:29 IST" time="0.000" errors="0">
  <testcase name="editTask" time="0.000" classname="seleniumBootCampTestNG.S20_30_EditTask">
    <skipped/>
  </testcase> <!-- editTask -->
  <system-out/>
</testsuite> <!-- seleniumBootCampTestNG.S20_30_EditTask -->
