<?xml version="1.0" encoding="UTF-8"?>
<!-- Generated by org.testng.reporters.JUnitReportReporter -->
<testsuite skipped="0" hostname="PALANIMOHANs-MacBook-Air.local" name="seleniumBootCampTestNG.S20_29_CreateTask" tests="1" failures="0" timestamp="2021-01-10T09:15:13 IST" time="36.958" errors="0">
  <testcase name="createTask" time="36.958" classname="seleniumBootCampTestNG.S20_29_CreateTask"/>
  <system-out/>
</testsuite> <!-- seleniumBootCampTestNG.S20_29_CreateTask -->
