<?xml version="1.0" encoding="UTF-8"?>
<!-- Generated by org.testng.reporters.JUnitReportReporter -->
<testsuite skipped="1" hostname="PALANIMOHANs-MacBook-Air.local" name="seleniumBootCampTestNG.S20_31_DeleteTask" tests="1" failures="0" timestamp="2021-01-10T08:47:29 IST" time="0.000" errors="0">
  <testcase name="deletetask" time="0.000" classname="seleniumBootCampTestNG.S20_31_DeleteTask">
    <skipped/>
  </testcase> <!-- deletetask -->
  <system-out/>
</testsuite> <!-- seleniumBootCampTestNG.S20_31_DeleteTask -->
