<?xml version="1.0" encoding="UTF-8"?>
<!-- Generated by org.testng.reporters.JUnitReportReporter -->
<testsuite skipped="0" hostname="PALANIMOHANs-MacBook-Air.local" name="seleniumBootCampTestNG.ExcelUtility" tests="1" failures="0" timestamp="2021-01-18T08:20:34 IST" time="0.651" errors="0">
  <testcase name="getExcel" time="0.651" classname="seleniumBootCampTestNG.ExcelUtility"/>
  <system-out/>
</testsuite> <!-- seleniumBootCampTestNG.ExcelUtility -->
