<?xml version="1.0" encoding="UTF-8"?>
<!-- Generated by org.testng.reporters.JUnitReportReporter -->
<testsuite skipped="0" hostname="PALANIMOHANs-MacBook-Air.local" name="seleniumBootCampTestNG.S20_11_BoardExamSchedule" tests="1" failures="0" timestamp="2021-01-12T22:40:47 IST" time="54.059" errors="0">
  <testcase name="plannedBoardExam" time="54.059" classname="seleniumBootCampTestNG.S20_11_BoardExamSchedule"/>
  <system-out/>
</testsuite> <!-- seleniumBootCampTestNG.S20_11_BoardExamSchedule -->
