<?xml version="1.0" encoding="UTF-8"?>
<!-- Generated by org.testng.reporters.JUnitReportReporter -->
<testsuite skipped="0" hostname="PALANIMOHANs-MacBook-Air.local" name="sample.NewTest" tests="1" failures="0" timestamp="2021-01-14T18:50:13 IST" time="0.005" errors="0">
  <testcase name="f" time="0.005" classname="sample.NewTest"/>
  <system-out/>
</testsuite> <!-- sample.NewTest -->
