<?xml version="1.0" encoding="UTF-8"?>
<!-- Generated by org.testng.reporters.JUnitReportReporter -->
<testsuite skipped="0" hostname="PALANIMOHANs-MacBook-Air.local" name="seleniumBootCampTestNG.S20_32_CreateChartWOMandatroy" tests="1" failures="0" timestamp="2021-01-12T22:40:47 IST" time="64.360" errors="0">
  <testcase name="createChartWOMandatory" time="64.360" classname="seleniumBootCampTestNG.S20_32_CreateChartWOMandatroy"/>
  <system-out/>
</testsuite> <!-- seleniumBootCampTestNG.S20_32_CreateChartWOMandatroy -->
