<?xml version="1.0" encoding="UTF-8"?>
<!-- Generated by org.testng.reporters.JUnitReportReporter -->
<testsuite skipped="0" hostname="PALANIMOHANs-MacBook-Air.local" name="seleniumBootCampTestNG.S20_45_CreateRefund" tests="1" failures="0" timestamp="2021-01-13T07:24:18 IST" time="40.359" errors="0">
  <testcase name="createRefund" time="40.359" classname="seleniumBootCampTestNG.S20_45_CreateRefund"/>
  <system-out/>
</testsuite> <!-- seleniumBootCampTestNG.S20_45_CreateRefund -->
